
C:\Users\jarvis.carroll\Documents\Codez\Batch>setlocal

C:\Users\jarvis.carroll\Documents\Codez\Batch>for /F "tokens=1 delims==" %f in ('set') do (set %f= ) 

C:\Users\jarvis.carroll\Documents\Codez\Batch>(set ALLUSERSPROFILE= ) 

C:\Users\jarvis.carroll\Documents\Codez\Batch>(set APPDATA= ) 

C:\Users\jarvis.carroll\Documents\Codez\Batch>(set asl.log= ) 

C:\Users\jarvis.carroll\Documents\Codez\Batch>(set CLASSPATH= ) 

C:\Users\jarvis.carroll\Documents\Codez\Batch>(set CommonProgramFiles= ) 

C:\Users\jarvis.carroll\Documents\Codez\Batch>(set CommonProgramFiles(x86)= ) 

C:\Users\jarvis.carroll\Documents\Codez\Batch>(set CommonProgramW6432= ) 

C:\Users\jarvis.carroll\Documents\Codez\Batch>(set COMMPath= ) 

C:\Users\jarvis.carroll\Documents\Codez\Batch>(set COMPUTERNAME= ) 

C:\Users\jarvis.carroll\Documents\Codez\Batch>(set ComSpec= ) 

C:\Users\jarvis.carroll\Documents\Codez\Batch>(set FP_NO_HOST_CHECK= ) 

C:\Users\jarvis.carroll\Documents\Codez\Batch>(set HOMEDRIVE= ) 

C:\Users\jarvis.carroll\Documents\Codez\Batch>(set HOMEPATH= ) 

C:\Users\jarvis.carroll\Documents\Codez\Batch>(set id= ) 

C:\Users\jarvis.carroll\Documents\Codez\Batch>(set LOCALAPPDATA= ) 

C:\Users\jarvis.carroll\Documents\Codez\Batch>(set LOGONSERVER= ) 

C:\Users\jarvis.carroll\Documents\Codez\Batch>(set NUMBER_OF_PROCESSORS= ) 

C:\Users\jarvis.carroll\Documents\Codez\Batch>(set OS= ) 

C:\Users\jarvis.carroll\Documents\Codez\Batch>(set Path= ) 

C:\Users\jarvis.carroll\Documents\Codez\Batch>(set PATHEXT= ) 

C:\Users\jarvis.carroll\Documents\Codez\Batch>(set PROCESSOR_ARCHITECTURE= ) 

C:\Users\jarvis.carroll\Documents\Codez\Batch>(set PROCESSOR_ARCHITEW6432= ) 

C:\Users\jarvis.carroll\Documents\Codez\Batch>(set PROCESSOR_IDENTIFIER= ) 

C:\Users\jarvis.carroll\Documents\Codez\Batch>(set PROCESSOR_LEVEL= ) 

C:\Users\jarvis.carroll\Documents\Codez\Batch>(set PROCESSOR_REVISION= ) 

C:\Users\jarvis.carroll\Documents\Codez\Batch>(set ProgramData= ) 

C:\Users\jarvis.carroll\Documents\Codez\Batch>(set ProgramFiles= ) 

C:\Users\jarvis.carroll\Documents\Codez\Batch>(set ProgramFiles(x86)= ) 

C:\Users\jarvis.carroll\Documents\Codez\Batch>(set ProgramW6432= ) 

C:\Users\jarvis.carroll\Documents\Codez\Batch>(set PROMPT= ) 

C:\Users\jarvis.carroll\Documents\Codez\Batch>(set PSModulePath= ) 

C:\Users\jarvis.carroll\Documents\Codez\Batch>(set PUBLIC= ) 

C:\Users\jarvis.carroll\Documents\Codez\Batch>(set QTJAVA= ) 

C:\Users\jarvis.carroll\Documents\Codez\Batch>(set SESSIONNAME= ) 

C:\Users\jarvis.carroll\Documents\Codez\Batch>(set spivee= ) 

C:\Users\jarvis.carroll\Documents\Codez\Batch>(set STVM_BCM5= ) 

C:\Users\jarvis.carroll\Documents\Codez\Batch>(set SystemDrive= ) 

C:\Users\jarvis.carroll\Documents\Codez\Batch>(set SystemRoot= ) 

C:\Users\jarvis.carroll\Documents\Codez\Batch>(set TEMP= ) 

C:\Users\jarvis.carroll\Documents\Codez\Batch>(set TMP= ) 

C:\Users\jarvis.carroll\Documents\Codez\Batch>(set UATDATA= ) 

C:\Users\jarvis.carroll\Documents\Codez\Batch>(set USERDNSDOMAIN= ) 

C:\Users\jarvis.carroll\Documents\Codez\Batch>(set USERDOMAIN= ) 

C:\Users\jarvis.carroll\Documents\Codez\Batch>(set USERNAME= ) 

C:\Users\jarvis.carroll\Documents\Codez\Batch>(set USERPROFILE= ) 

C:\Users\jarvis.carroll\Documents\Codez\Batch>(set windir= ) 

C:\Users\jarvis.carroll\Documents\Codez\Batch>(set windows_tracing_flags= ) 

C:\Users\jarvis.carroll\Documents\Codez\Batch>(set windows_tracing_logfile= ) 

C:\Users\jarvis.carroll\Documents\Codez\Batch>set max=0 

C:\Users\jarvis.carroll\Documents\Codez\Batch>set out=id 

C:\Users\jarvis.carroll\Documents\Codez\Batch>shift

C:\Users\jarvis.carroll\Documents\Codez\Batch>if "3" == "" goto :main 

C:\Users\jarvis.carroll\Documents\Codez\Batch>set entry[0]=3 

C:\Users\jarvis.carroll\Documents\Codez\Batch>set /a max+=1 

C:\Users\jarvis.carroll\Documents\Codez\Batch>goto :preloop 

C:\Users\jarvis.carroll\Documents\Codez\Batch>shift

C:\Users\jarvis.carroll\Documents\Codez\Batch>if "2" == "" goto :main 

C:\Users\jarvis.carroll\Documents\Codez\Batch>set entry[1]=2 

C:\Users\jarvis.carroll\Documents\Codez\Batch>set /a max+=1 

C:\Users\jarvis.carroll\Documents\Codez\Batch>goto :preloop 

C:\Users\jarvis.carroll\Documents\Codez\Batch>shift

C:\Users\jarvis.carroll\Documents\Codez\Batch>if "1" == "" goto :main 

C:\Users\jarvis.carroll\Documents\Codez\Batch>set entry[2]=1 

C:\Users\jarvis.carroll\Documents\Codez\Batch>set /a max+=1 

C:\Users\jarvis.carroll\Documents\Codez\Batch>goto :preloop 

C:\Users\jarvis.carroll\Documents\Codez\Batch>shift

C:\Users\jarvis.carroll\Documents\Codez\Batch>if "" == "" goto :main 

C:\Users\jarvis.carroll\Documents\Codez\Batch>set /a under=max-1 

C:\Users\jarvis.carroll\Documents\Codez\Batch>for /L %i in (0 1 2) do (call :includeentry %i ) 

C:\Users\jarvis.carroll\Documents\Codez\Batch>(call :includeentry 0 ) 

C:\Users\jarvis.carroll\Documents\Codez\Batch>call set item=%entry[0]% 

C:\Users\jarvis.carroll\Documents\Codez\Batch>set item[3]=used 

C:\Users\jarvis.carroll\Documents\Codez\Batch>set sum= 

C:\Users\jarvis.carroll\Documents\Codez\Batch>for /L %i in (1 1 3) do (call :testitem %i ) 

C:\Users\jarvis.carroll\Documents\Codez\Batch>(call :testitem 1 ) 

C:\Users\jarvis.carroll\Documents\Codez\Batch>call set test=%item[1]% 

C:\Users\jarvis.carroll\Documents\Codez\Batch>if not defined test (set /a sum+=1 ) 

C:\Users\jarvis.carroll\Documents\Codez\Batch>goto :eof 

C:\Users\jarvis.carroll\Documents\Codez\Batch>(call :testitem 2 ) 

C:\Users\jarvis.carroll\Documents\Codez\Batch>call set test=%item[2]% 

C:\Users\jarvis.carroll\Documents\Codez\Batch>if not defined test (set /a sum+=1 ) 

C:\Users\jarvis.carroll\Documents\Codez\Batch>goto :eof 

C:\Users\jarvis.carroll\Documents\Codez\Batch>(call :testitem 3 ) 

C:\Users\jarvis.carroll\Documents\Codez\Batch>call set test=%item[3]% 

C:\Users\jarvis.carroll\Documents\Codez\Batch>if not defined test (set /a sum+=1 ) 

C:\Users\jarvis.carroll\Documents\Codez\Batch>goto :eof 

C:\Users\jarvis.carroll\Documents\Codez\Batch>set /a id=id*(max-0)+sum 

C:\Users\jarvis.carroll\Documents\Codez\Batch>goto :eof 

C:\Users\jarvis.carroll\Documents\Codez\Batch>(call :includeentry 1 ) 

C:\Users\jarvis.carroll\Documents\Codez\Batch>call set item=%entry[1]% 

C:\Users\jarvis.carroll\Documents\Codez\Batch>set item[2]=used 

C:\Users\jarvis.carroll\Documents\Codez\Batch>set sum= 

C:\Users\jarvis.carroll\Documents\Codez\Batch>for /L %i in (1 1 2) do (call :testitem %i ) 

C:\Users\jarvis.carroll\Documents\Codez\Batch>(call :testitem 1 ) 

C:\Users\jarvis.carroll\Documents\Codez\Batch>call set test=%item[1]% 

C:\Users\jarvis.carroll\Documents\Codez\Batch>if not defined test (set /a sum+=1 ) 

C:\Users\jarvis.carroll\Documents\Codez\Batch>goto :eof 

C:\Users\jarvis.carroll\Documents\Codez\Batch>(call :testitem 2 ) 

C:\Users\jarvis.carroll\Documents\Codez\Batch>call set test=%item[2]% 

C:\Users\jarvis.carroll\Documents\Codez\Batch>if not defined test (set /a sum+=1 ) 

C:\Users\jarvis.carroll\Documents\Codez\Batch>goto :eof 

C:\Users\jarvis.carroll\Documents\Codez\Batch>set /a id=id*(max-1)+sum 

C:\Users\jarvis.carroll\Documents\Codez\Batch>goto :eof 

C:\Users\jarvis.carroll\Documents\Codez\Batch>(call :includeentry 2 ) 

C:\Users\jarvis.carroll\Documents\Codez\Batch>call set item=%entry[2]% 

C:\Users\jarvis.carroll\Documents\Codez\Batch>set item[1]=used 

C:\Users\jarvis.carroll\Documents\Codez\Batch>set sum= 

C:\Users\jarvis.carroll\Documents\Codez\Batch>for /L %i in (1 1 1) do (call :testitem %i ) 

C:\Users\jarvis.carroll\Documents\Codez\Batch>(call :testitem 1 ) 

C:\Users\jarvis.carroll\Documents\Codez\Batch>call set test=%item[1]% 

C:\Users\jarvis.carroll\Documents\Codez\Batch>if not defined test (set /a sum+=1 ) 

C:\Users\jarvis.carroll\Documents\Codez\Batch>goto :eof 

C:\Users\jarvis.carroll\Documents\Codez\Batch>set /a id=id*(max-2)+sum 

C:\Users\jarvis.carroll\Documents\Codez\Batch>goto :eof 

C:\Users\jarvis.carroll\Documents\Codez\Batch>(
endlocal 
 set id=5 
) 

C:\Users\jarvis.carroll\Documents\Codez\Batch>goto :eof 
