Server log for The Debug Room
[Sat 22/06/2013 11:10:53.50] Server started
[Sat 22/06/2013 11:12:25.94] Server started
[Sat 22/06/2013 11:14:02.82] Server started
[Sat 22/06/2013 11:14:17.20] Ping
[Sat 22/06/2013 11:14:36.26] User spivee registered.
[Sat 22/06/2013 11:14:37.64] User spivee logged in succesfully at 19557
[Sat 22/06/2013 12:39:11.65] Server started
[Sat 22/06/2013 12:39:35.48] Ping
[Sat 22/06/2013 12:39:51.89] Ping
[Sat 22/06/2013 12:40:11.71] User spivee registered.
[Sat 22/06/2013 12:40:13.03] User spivee logged in succesfully at 3473
[Sat 22/06/2013 12:49:43.33] Server started
[Sat 22/06/2013 12:49:51.24] *Ping
[Sat 22/06/2013 12:50:12.42] User spivee logged in succesfully at 5537
[Mon 24/06/2013 10:04:44.78] Server started
[Mon 24/06/2013 10:06:05.18] *Ping
[Mon 24/06/2013 10:06:11.44] User xrdfb registered.
[Mon 24/06/2013 10:06:11.47] User xrdfb logged in succesfully at 13215
[Mon 24/06/2013 12:14:17.10] Server started
[Mon 24/06/2013 12:14:23.50] *Ping
[Mon 24/06/2013 12:14:58.62] Server started
[Mon 24/06/2013 12:20:59.86] Server started
[Mon 24/06/2013 12:21:14.05] Server started
[Mon 24/06/2013 12:21:29.75] *Ping
[Mon 24/06/2013 12:21:38.88] User spivee logged in succesfully at 7192
[Mon 24/06/2013 12:25:37.11] Server started
[Mon 24/06/2013 12:25:43.73] *Ping
[Mon 24/06/2013 12:25:48.08] User spivee logged in succesfully at 8035
[Mon 24/06/2013 12:28:44.46] Server started
[Mon 24/06/2013 12:28:54.58] *Ping
[Mon 24/06/2013 12:29:07.02] User spivee logged in succesfully at 8662
[Mon 24/06/2013 12:29:25.56] *hello world
[Mon 24/06/2013 12:29:45.64] *foobar
[Mon 24/06/2013 12:30:44.90] *EetVerks!
[Mon 24/06/2013 20:54:00.99] Server started
[Mon 24/06/2013 21:08:52.21] Server started
[Mon 24/06/2013 21:09:27.55] ~Ping
[Mon 24/06/2013 21:09:49.41] User spivee logged in succesfully at 12270
[Mon 24/06/2013 21:14:34.52] Server started
[Mon 24/06/2013 21:14:47.25] ~Ping
[Mon 24/06/2013 21:14:52.65] User spivee logged in succesfully at 13387
[Mon 24/06/2013 21:17:06.17] ~Ping
[Mon 24/06/2013 21:17:22.24] User spivee has timed out.
[Tue 25/06/2013  8:57:14.83] Server started
[Tue 25/06/2013  8:57:27.45] Server started
[Tue 25/06/2013  8:57:49.20] ~Ping
[Tue 25/06/2013  8:58:06.65] User spivee logged in succesfully at 20034
[Tue 25/06/2013  8:58:09.64] User spivee has timed out.
[Tue 25/06/2013  8:58:53.82] Server started
[Tue 25/06/2013  8:59:07.24] ~Ping
[Tue 25/06/2013  8:59:21.84] User spivee logged in succesfully at 20315
[Tue 25/06/2013  8:59:36.09] User spivee has timed out.
[Tue 25/06/2013  9:01:28.92] Server started
[Tue 25/06/2013  9:01:35.38] ~Ping
[Tue 25/06/2013  9:01:39.52] User spivee logged in succesfully at 20821
